0 info it worked if it ends with ok
1 verbose cli [ '/Users/h.castellon.guerrero/.nvm/versions/node/v6.12.2/bin/node',
1 verbose cli   '/Users/h.castellon.guerrero/.nvm/versions/node/v6.12.2/bin/npm',
1 verbose cli   'run',
1 verbose cli   'poc' ]
2 info using npm@3.10.10
3 info using node@v6.12.2
4 verbose run-script [ 'prepoc', 'poc', 'postpoc' ]
5 info lifecycle kubernetes-helm-jenkins-ci-cd@1.0.0~prepoc: kubernetes-helm-jenkins-ci-cd@1.0.0
6 silly lifecycle kubernetes-helm-jenkins-ci-cd@1.0.0~prepoc: no script for prepoc, continuing
7 info lifecycle kubernetes-helm-jenkins-ci-cd@1.0.0~poc: kubernetes-helm-jenkins-ci-cd@1.0.0
8 verbose lifecycle kubernetes-helm-jenkins-ci-cd@1.0.0~poc: unsafe-perm in lifecycle true
9 verbose lifecycle kubernetes-helm-jenkins-ci-cd@1.0.0~poc: PATH: /Users/h.castellon.guerrero/.nvm/versions/node/v6.12.2/lib/node_modules/npm/bin/node-gyp-bin:/Users/h.castellon.guerrero/git/acn/kubernete/kubernetes-ci-cd/node_modules/.bin:/usr/local/opt/openssl/bin:/Users/h.castellon.guerrero/.nvm/versions/node/v6.12.2/bin:/usr/local/opt/node@8/bin:/usr/local/bin:/usr/bin:/bin:/usr/sbin:/sbin
10 verbose lifecycle kubernetes-helm-jenkins-ci-cd@1.0.0~poc: CWD: /Users/h.castellon.guerrero/git/acn/kubernete/kubernetes-ci-cd
11 silly lifecycle kubernetes-helm-jenkins-ci-cd@1.0.0~poc: Args: [ '-c', 'node start.js poc.yml' ]
12 silly lifecycle kubernetes-helm-jenkins-ci-cd@1.0.0~poc: Returned: code: 1  signal: null
13 info lifecycle kubernetes-helm-jenkins-ci-cd@1.0.0~poc: Failed to exec poc script
14 verbose stack Error: kubernetes-helm-jenkins-ci-cd@1.0.0 poc: `node start.js poc.yml`
14 verbose stack Exit status 1
14 verbose stack     at EventEmitter.<anonymous> (/Users/h.castellon.guerrero/.nvm/versions/node/v6.12.2/lib/node_modules/npm/lib/utils/lifecycle.js:255:16)
14 verbose stack     at emitTwo (events.js:106:13)
14 verbose stack     at EventEmitter.emit (events.js:191:7)
14 verbose stack     at ChildProcess.<anonymous> (/Users/h.castellon.guerrero/.nvm/versions/node/v6.12.2/lib/node_modules/npm/lib/utils/spawn.js:40:14)
14 verbose stack     at emitTwo (events.js:106:13)
14 verbose stack     at ChildProcess.emit (events.js:191:7)
14 verbose stack     at maybeClose (internal/child_process.js:920:16)
14 verbose stack     at Process.ChildProcess._handle.onexit (internal/child_process.js:230:5)
15 verbose pkgid kubernetes-helm-jenkins-ci-cd@1.0.0
16 verbose cwd /Users/h.castellon.guerrero/git/acn/kubernete/kubernetes-ci-cd
17 error Darwin 17.7.0
18 error argv "/Users/h.castellon.guerrero/.nvm/versions/node/v6.12.2/bin/node" "/Users/h.castellon.guerrero/.nvm/versions/node/v6.12.2/bin/npm" "run" "poc"
19 error node v6.12.2
20 error npm  v3.10.10
21 error code ELIFECYCLE
22 error kubernetes-helm-jenkins-ci-cd@1.0.0 poc: `node start.js poc.yml`
22 error Exit status 1
23 error Failed at the kubernetes-helm-jenkins-ci-cd@1.0.0 poc script 'node start.js poc.yml'.
23 error Make sure you have the latest version of node.js and npm installed.
23 error If you do, this is most likely a problem with the kubernetes-helm-jenkins-ci-cd package,
23 error not with npm itself.
23 error Tell the author that this fails on your system:
23 error     node start.js poc.yml
23 error You can get information on how to open an issue for this project with:
23 error     npm bugs kubernetes-helm-jenkins-ci-cd
23 error Or if that isn't available, you can get their info via:
23 error     npm owner ls kubernetes-helm-jenkins-ci-cd
23 error There is likely additional logging output above.
24 verbose exit [ 1, true ]
